C:\Program Files (x86)\Microsoft Visual Studio\2019\Community\MSBuild\Microsoft\VC\v160\Microsoft.CppBuild.targets(452,5): warning MSB8028: The intermediate directory (x64\Debug\) contains files shared from another project (Texture2D.vcxproj).  This can lead to incorrect clean and rebuild behavior.
  stdafx.cpp
  GLShader.cpp
  Matrix4.cpp
  TD2.cpp
  Génération de code en cours...
MSVCRTD.lib(initializers.obj) : warning LNK4098: conflit entre la bibliothèque par défaut 'libcmt.lib' et les autres bibliothèques ; utilisez /NODEFAULTLIB:library
LINK : warning LNK4286: le symbole '__glewAttachShader' défini dans 'glew32s.lib(glew.obj)' est importé par 'GLShader.obj'
LINK : warning LNK4286: le symbole '__glewCompileShader' défini dans 'glew32s.lib(glew.obj)' est importé par 'GLShader.obj'
LINK : warning LNK4286: le symbole '__glewCreateProgram' défini dans 'glew32s.lib(glew.obj)' est importé par 'GLShader.obj'
LINK : warning LNK4286: le symbole '__glewCreateShader' défini dans 'glew32s.lib(glew.obj)' est importé par 'GLShader.obj'
LINK : warning LNK4286: le symbole '__glewDeleteProgram' défini dans 'glew32s.lib(glew.obj)' est importé par 'GLShader.obj'
LINK : warning LNK4286: le symbole '__glewDeleteShader' défini dans 'glew32s.lib(glew.obj)' est importé par 'GLShader.obj'
LINK : warning LNK4286: le symbole '__glewDetachShader' défini dans 'glew32s.lib(glew.obj)' est importé par 'GLShader.obj'
LINK : warning LNK4286: le symbole '__glewGetProgramInfoLog' défini dans 'glew32s.lib(glew.obj)' est importé par 'GLShader.obj'
LINK : warning LNK4286: le symbole '__glewGetProgramiv' défini dans 'glew32s.lib(glew.obj)' est importé par 'GLShader.obj'
LINK : warning LNK4286: le symbole '__glewGetShaderInfoLog' défini dans 'glew32s.lib(glew.obj)' est importé par 'GLShader.obj'
LINK : warning LNK4286: le symbole '__glewGetShaderiv' défini dans 'glew32s.lib(glew.obj)' est importé par 'GLShader.obj'
LINK : warning LNK4286: le symbole '__glewLinkProgram' défini dans 'glew32s.lib(glew.obj)' est importé par 'GLShader.obj'
LINK : warning LNK4286: le symbole '__glewShaderSource' défini dans 'glew32s.lib(glew.obj)' est importé par 'GLShader.obj'
glew32s.lib(glew.obj) : warning LNK4099: PDB 'vc120.pdb' n'a pu être trouvé avec 'glew32s.lib(glew.obj)' ou sur 'D:\Desktop\TD1\x64\Debug\vc120.pdb' ; l'objet sera lié sans informations de débogage
  TD2.vcxproj -> D:\Desktop\TD1\x64\Debug\TD2.exe
